<?xml version="1.0" encoding="UTF-8"?>
<!-- Generated by org.testng.reporters.JUnitReportReporter -->
<testsuite hostname="ADMIN-PC" failures="0" tests="3" name="testovi.HomeTest" time="19.759" errors="0" timestamp="2020-04-12T03:29:30 CEST" skipped="0">
  <testcase classname="testovi.HomeTest" name="BdropDownDresses" time="4.822"/>
  <system-out/>
  <testcase classname="testovi.HomeTest" name="AdropDownWomen" time="7.592"/>
  <system-out/>
  <testcase classname="testovi.HomeTest" name="CsameUrl" time="7.345"/>
  <system-out/>
</testsuite> <!-- testovi.HomeTest -->
