<?xml version="1.0" encoding="UTF-8"?>
<!-- Generated by org.testng.reporters.JUnitReportReporter -->
<testsuite hostname="ADMIN-PC" failures="0" tests="1" name="testovi.CartTest" time="8.270" errors="0" timestamp="2020-04-10T01:59:49 CEST" skipped="0">
  <testcase classname="testovi.CartTest" name="ACheckCart" time="8.270"/>
  <system-out/>
</testsuite> <!-- testovi.CartTest -->
