<?xml version="1.0" encoding="UTF-8"?>
<!-- Generated by org.testng.reporters.JUnitReportReporter -->
<testsuite hostname="ADMIN-PC" failures="0" tests="2" name="testovi.SummerDressTest" time="14.095" errors="0" timestamp="2020-04-09T20:49:08 CEST" skipped="0">
  <testcase classname="testovi.SummerDressTest" name="BwantedDress" time="4.907"/>
  <system-out/>
  <testcase classname="testovi.SummerDressTest" name="AsummerDress" time="9.188"/>
  <system-out/>
</testsuite> <!-- testovi.SummerDressTest -->
