<?xml version="1.0" encoding="UTF-8"?>
<!-- Generated by org.testng.reporters.JUnitReportReporter -->
<testsuite hostname="ADMIN-PC" failures="0" tests="5" name="testovi.AddDressCartTest" time="13.377" errors="0" timestamp="2020-04-12T00:20:43 CEST" skipped="0">
  <testcase classname="testovi.AddDressCartTest" name="Cquantity" time="2.180"/>
  <system-out/>
  <testcase classname="testovi.AddDressCartTest" name="Dsize" time="1.225"/>
  <system-out/>
  <testcase classname="testovi.AddDressCartTest" name="ECart" time="1.195"/>
  <system-out/>
  <testcase classname="testovi.AddDressCartTest" name="BwantedDress" time="3.019"/>
  <system-out/>
  <testcase classname="testovi.AddDressCartTest" name="AsummerDress" time="5.758"/>
  <system-out/>
</testsuite> <!-- testovi.AddDressCartTest -->
